<?xml version="1.0" encoding="UTF-8"?>
<!-- Generated by org.testng.reporters.JUnitReportReporter -->
<testsuite hostname="SummerSnow-PC" name="safehome.NewTest" tests="1" failures="0" timestamp="3 Jun 2015 14:08:07 GMT" time="1.071" errors="0">
  <testcase name="f" time="1.071" classname="safehome.NewTest"/>
</testsuite> <!-- safehome.NewTest -->
