<?xml version="1.0" encoding="UTF-8"?>
<!-- Generated by org.testng.reporters.JUnitReportReporter -->
<testsuite hostname="SummerSnow-PC" name="safehome.test.SimpleTest" tests="2" failures="0" timestamp="3 Jun 2015 03:55:00 GMT" time="0.010" errors="0">
  <testcase name="aSlowTest" time="0.000" classname="safehome.test.SimpleTest"/>
  <testcase name="aFastTest" time="0.010" classname="safehome.test.SimpleTest"/>
</testsuite> <!-- safehome.test.SimpleTest -->
