<?xml version="1.0" encoding="UTF-8"?>
<!-- Generated by org.testng.reporters.JUnitReportReporter -->
<testsuite hostname="SummerSnow-PC" name="safehome.test.NewTest" tests="1" failures="0" timestamp="6 Jun 2015 07:27:32 GMT" time="1.321" errors="0">
  <testcase name="assertDefinitionPresent" time="1.321" classname="safehome.test.NewTest"/>
</testsuite> <!-- safehome.test.NewTest -->
